Analysis & Synthesis report for DDFS
Sun Jul 24 11:31:53 2022
Quartus Prime Version 18.1.0 Build 625 09/12/2018 SJ Lite Edition


---------------------
; Table of Contents ;
---------------------
  1. Legal Notice
  2. Analysis & Synthesis Summary
  3. Analysis & Synthesis Settings
  4. Parallel Compilation
  5. Analysis & Synthesis Source Files Read
  6. Analysis & Synthesis Resource Usage Summary
  7. Analysis & Synthesis Resource Utilization by Entity
  8. General Register Statistics
  9. Multiplexer Restructuring Statistics (Restructuring Performed)
 10. Parameter Settings for User Entity Instance: time_base_generation:inst_0
 11. Parameter Settings for User Entity Instance: time_base_generation:inst_1
 12. Parameter Settings for Inferred Entity Instance: time_base_generation:inst_1|lpm_divide:Mod0
 13. Parameter Settings for Inferred Entity Instance: time_base_generation:inst_0|lpm_divide:Mod0
 14. Port Connectivity Checks: "phase_accumulator_16bit:inst_2"
 15. Post-Synthesis Netlist Statistics for Top Partition
 16. Elapsed Time Per Partition
 17. Analysis & Synthesis Messages



----------------
; Legal Notice ;
----------------
Copyright (C) 2018  Intel Corporation. All rights reserved.
Your use of Intel Corporation's design tools, logic functions 
and other software and tools, and its AMPP partner logic 
functions, and any output files from any of the foregoing 
(including device programming or simulation files), and any 
associated documentation or information are expressly subject 
to the terms and conditions of the Intel Program License 
Subscription Agreement, the Intel Quartus Prime License Agreement,
the Intel FPGA IP License Agreement, or other applicable license
agreement, including, without limitation, that your use is for
the sole purpose of programming logic devices manufactured by
Intel and sold by Intel or its authorized distributors.  Please
refer to the applicable agreement for further details.



+-------------------------------------------------------------------------------+
; Analysis & Synthesis Summary                                                  ;
+---------------------------------+---------------------------------------------+
; Analysis & Synthesis Status     ; Successful - Sun Jul 24 11:31:53 2022       ;
; Quartus Prime Version           ; 18.1.0 Build 625 09/12/2018 SJ Lite Edition ;
; Revision Name                   ; DDFS                                        ;
; Top-level Entity Name           ; chirp                                       ;
; Family                          ; Cyclone V                                   ;
; Logic utilization (in ALMs)     ; N/A                                         ;
; Total registers                 ; 60                                          ;
; Total pins                      ; 34                                          ;
; Total virtual pins              ; 0                                           ;
; Total block memory bits         ; 0                                           ;
; Total DSP Blocks                ; 0                                           ;
; Total HSSI RX PCSs              ; 0                                           ;
; Total HSSI PMA RX Deserializers ; 0                                           ;
; Total HSSI TX PCSs              ; 0                                           ;
; Total HSSI PMA TX Serializers   ; 0                                           ;
; Total PLLs                      ; 0                                           ;
; Total DLLs                      ; 0                                           ;
+---------------------------------+---------------------------------------------+


+---------------------------------------------------------------------------------------------------------------------------+
; Analysis & Synthesis Settings                                                                                             ;
+---------------------------------------------------------------------------------+--------------------+--------------------+
; Option                                                                          ; Setting            ; Default Value      ;
+---------------------------------------------------------------------------------+--------------------+--------------------+
; Device                                                                          ; 5CGXFC7C7F23C8     ;                    ;
; Top-level entity name                                                           ; chirp              ; DDFS               ;
; Family name                                                                     ; Cyclone V          ; Cyclone V          ;
; Use smart compilation                                                           ; Off                ; Off                ;
; Enable parallel Assembler and Timing Analyzer during compilation                ; On                 ; On                 ;
; Enable compact report table                                                     ; Off                ; Off                ;
; Restructure Multiplexers                                                        ; Auto               ; Auto               ;
; MLAB Add Timing Constraints For Mixed-Port Feed-Through Mode Setting Don't Care ; Off                ; Off                ;
; Create Debugging Nodes for IP Cores                                             ; Off                ; Off                ;
; Preserve fewer node names                                                       ; On                 ; On                 ;
; Intel FPGA IP Evaluation Mode                                                   ; Enable             ; Enable             ;
; Verilog Version                                                                 ; Verilog_2001       ; Verilog_2001       ;
; VHDL Version                                                                    ; VHDL_1993          ; VHDL_1993          ;
; State Machine Processing                                                        ; Auto               ; Auto               ;
; Safe State Machine                                                              ; Off                ; Off                ;
; Extract Verilog State Machines                                                  ; On                 ; On                 ;
; Extract VHDL State Machines                                                     ; On                 ; On                 ;
; Ignore Verilog initial constructs                                               ; Off                ; Off                ;
; Iteration limit for constant Verilog loops                                      ; 5000               ; 5000               ;
; Iteration limit for non-constant Verilog loops                                  ; 250                ; 250                ;
; Add Pass-Through Logic to Inferred RAMs                                         ; On                 ; On                 ;
; Infer RAMs from Raw Logic                                                       ; On                 ; On                 ;
; Parallel Synthesis                                                              ; On                 ; On                 ;
; DSP Block Balancing                                                             ; Auto               ; Auto               ;
; NOT Gate Push-Back                                                              ; On                 ; On                 ;
; Power-Up Don't Care                                                             ; On                 ; On                 ;
; Remove Redundant Logic Cells                                                    ; Off                ; Off                ;
; Remove Duplicate Registers                                                      ; On                 ; On                 ;
; Ignore CARRY Buffers                                                            ; Off                ; Off                ;
; Ignore CASCADE Buffers                                                          ; Off                ; Off                ;
; Ignore GLOBAL Buffers                                                           ; Off                ; Off                ;
; Ignore ROW GLOBAL Buffers                                                       ; Off                ; Off                ;
; Ignore LCELL Buffers                                                            ; Off                ; Off                ;
; Ignore SOFT Buffers                                                             ; On                 ; On                 ;
; Limit AHDL Integers to 32 Bits                                                  ; Off                ; Off                ;
; Optimization Technique                                                          ; Balanced           ; Balanced           ;
; Carry Chain Length                                                              ; 70                 ; 70                 ;
; Auto Carry Chains                                                               ; On                 ; On                 ;
; Auto Open-Drain Pins                                                            ; On                 ; On                 ;
; Perform WYSIWYG Primitive Resynthesis                                           ; Off                ; Off                ;
; Auto ROM Replacement                                                            ; On                 ; On                 ;
; Auto RAM Replacement                                                            ; On                 ; On                 ;
; Auto DSP Block Replacement                                                      ; On                 ; On                 ;
; Auto Shift Register Replacement                                                 ; Auto               ; Auto               ;
; Allow Shift Register Merging across Hierarchies                                 ; Auto               ; Auto               ;
; Auto Clock Enable Replacement                                                   ; On                 ; On                 ;
; Strict RAM Replacement                                                          ; Off                ; Off                ;
; Allow Synchronous Control Signals                                               ; On                 ; On                 ;
; Force Use of Synchronous Clear Signals                                          ; Off                ; Off                ;
; Auto Resource Sharing                                                           ; Off                ; Off                ;
; Allow Any RAM Size For Recognition                                              ; Off                ; Off                ;
; Allow Any ROM Size For Recognition                                              ; Off                ; Off                ;
; Allow Any Shift Register Size For Recognition                                   ; Off                ; Off                ;
; Use LogicLock Constraints during Resource Balancing                             ; On                 ; On                 ;
; Ignore translate_off and synthesis_off directives                               ; Off                ; Off                ;
; Timing-Driven Synthesis                                                         ; On                 ; On                 ;
; Report Parameter Settings                                                       ; On                 ; On                 ;
; Report Source Assignments                                                       ; On                 ; On                 ;
; Report Connectivity Checks                                                      ; On                 ; On                 ;
; Ignore Maximum Fan-Out Assignments                                              ; Off                ; Off                ;
; Synchronization Register Chain Length                                           ; 3                  ; 3                  ;
; Power Optimization During Synthesis                                             ; Normal compilation ; Normal compilation ;
; HDL message level                                                               ; Level2             ; Level2             ;
; Suppress Register Optimization Related Messages                                 ; Off                ; Off                ;
; Number of Removed Registers Reported in Synthesis Report                        ; 5000               ; 5000               ;
; Number of Swept Nodes Reported in Synthesis Report                              ; 5000               ; 5000               ;
; Number of Inverted Registers Reported in Synthesis Report                       ; 100                ; 100                ;
; Clock MUX Protection                                                            ; On                 ; On                 ;
; Auto Gated Clock Conversion                                                     ; Off                ; Off                ;
; Block Design Naming                                                             ; Auto               ; Auto               ;
; SDC constraint protection                                                       ; Off                ; Off                ;
; Synthesis Effort                                                                ; Auto               ; Auto               ;
; Shift Register Replacement - Allow Asynchronous Clear Signal                    ; On                 ; On                 ;
; Pre-Mapping Resynthesis Optimization                                            ; Off                ; Off                ;
; Analysis & Synthesis Message Level                                              ; Medium             ; Medium             ;
; Disable Register Merging Across Hierarchies                                     ; Auto               ; Auto               ;
; Resource Aware Inference For Block RAM                                          ; On                 ; On                 ;
; Automatic Parallel Synthesis                                                    ; On                 ; On                 ;
; Partial Reconfiguration Bitstream ID                                            ; Off                ; Off                ;
+---------------------------------------------------------------------------------+--------------------+--------------------+


+------------------------------------------+
; Parallel Compilation                     ;
+----------------------------+-------------+
; Processors                 ; Number      ;
+----------------------------+-------------+
; Number detected on machine ; 8           ;
; Maximum allowed            ; 4           ;
;                            ;             ;
; Average used               ; 1.00        ;
; Maximum used               ; 4           ;
;                            ;             ;
; Usage by Processor         ; % Time Used ;
;     Processor 1            ; 100.0%      ;
;     Processors 2-4         ;   0.0%      ;
+----------------------------+-------------+


+---------------------------------------------------------------------------------------------------------------------------------------------------------------------------------------+
; Analysis & Synthesis Source Files Read                                                                                                                                                ;
+----------------------------------+-----------------+------------------------------+-----------------------------------------------------------------------------------------+---------+
; File Name with User-Entered Path ; Used in Netlist ; File Type                    ; File Name with Absolute Path                                                            ; Library ;
+----------------------------------+-----------------+------------------------------+-----------------------------------------------------------------------------------------+---------+
; chirp.sv                         ; yes             ; User SystemVerilog HDL File  ; C:/Jason/EIT/Semester_02/02_ESPS/Lab/Simulation/chirp.sv                                ;         ;
; sine_wave_lut_8bit.sv            ; yes             ; User SystemVerilog HDL File  ; C:/Jason/EIT/Semester_02/02_ESPS/Lab/Simulation/sine_wave_lut_8bit.sv                   ;         ;
; time_base_generation.sv          ; yes             ; User SystemVerilog HDL File  ; C:/Jason/EIT/Semester_02/02_ESPS/Lab/Simulation/time_base_generation.sv                 ;         ;
; phase_accumulator_16bit.sv       ; yes             ; User SystemVerilog HDL File  ; C:/Jason/EIT/Semester_02/02_ESPS/Lab/Simulation/phase_accumulator_16bit.sv              ;         ;
; lpm_divide.tdf                   ; yes             ; Megafunction                 ; c:/tools/common/intelfpga_lite/18.1/quartus/libraries/megafunctions/lpm_divide.tdf      ;         ;
; abs_divider.inc                  ; yes             ; Megafunction                 ; c:/tools/common/intelfpga_lite/18.1/quartus/libraries/megafunctions/abs_divider.inc     ;         ;
; sign_div_unsign.inc              ; yes             ; Megafunction                 ; c:/tools/common/intelfpga_lite/18.1/quartus/libraries/megafunctions/sign_div_unsign.inc ;         ;
; aglobal181.inc                   ; yes             ; Megafunction                 ; c:/tools/common/intelfpga_lite/18.1/quartus/libraries/megafunctions/aglobal181.inc      ;         ;
; db/lpm_divide_f5m.tdf            ; yes             ; Auto-Generated Megafunction  ; C:/Jason/EIT/Semester_02/02_ESPS/Lab/Simulation/db/lpm_divide_f5m.tdf                   ;         ;
; db/sign_div_unsign_inh.tdf       ; yes             ; Auto-Generated Megafunction  ; C:/Jason/EIT/Semester_02/02_ESPS/Lab/Simulation/db/sign_div_unsign_inh.tdf              ;         ;
; db/alt_u_div_a3f.tdf             ; yes             ; Auto-Generated Megafunction  ; C:/Jason/EIT/Semester_02/02_ESPS/Lab/Simulation/db/alt_u_div_a3f.tdf                    ;         ;
; db/lpm_divide_v4m.tdf            ; yes             ; Auto-Generated Megafunction  ; C:/Jason/EIT/Semester_02/02_ESPS/Lab/Simulation/db/lpm_divide_v4m.tdf                   ;         ;
; db/sign_div_unsign_2nh.tdf       ; yes             ; Auto-Generated Megafunction  ; C:/Jason/EIT/Semester_02/02_ESPS/Lab/Simulation/db/sign_div_unsign_2nh.tdf              ;         ;
; db/alt_u_div_a2f.tdf             ; yes             ; Auto-Generated Megafunction  ; C:/Jason/EIT/Semester_02/02_ESPS/Lab/Simulation/db/alt_u_div_a2f.tdf                    ;         ;
+----------------------------------+-----------------+------------------------------+-----------------------------------------------------------------------------------------+---------+


+-------------------------------------------------------------+
; Analysis & Synthesis Resource Usage Summary                 ;
+---------------------------------------------+---------------+
; Resource                                    ; Usage         ;
+---------------------------------------------+---------------+
; Estimate of Logic utilization (ALMs needed) ; 125           ;
;                                             ;               ;
; Combinational ALUT usage for logic          ; 221           ;
;     -- 7 input functions                    ; 0             ;
;     -- 6 input functions                    ; 28            ;
;     -- 5 input functions                    ; 19            ;
;     -- 4 input functions                    ; 17            ;
;     -- <=3 input functions                  ; 157           ;
;                                             ;               ;
; Dedicated logic registers                   ; 60            ;
;                                             ;               ;
; I/O pins                                    ; 34            ;
;                                             ;               ;
; Total DSP Blocks                            ; 0             ;
;                                             ;               ;
; Maximum fan-out node                        ; reset_n~input ;
; Maximum fan-out                             ; 62            ;
; Total fan-out                               ; 969           ;
; Average fan-out                             ; 2.78          ;
+---------------------------------------------+---------------+


+----------------------------------------------------------------------------------------------------------------------------------------------------------------------------------------------------------------------------------------------------------------------------------------------------------------------------------+
; Analysis & Synthesis Resource Utilization by Entity                                                                                                                                                                                                                                                                              ;
+-------------------------------------------+---------------------+---------------------------+-------------------+------------+------+--------------+------------------------------------------------------------------------------------------------------------------------------------+-------------------------+--------------+
; Compilation Hierarchy Node                ; Combinational ALUTs ; Dedicated Logic Registers ; Block Memory Bits ; DSP Blocks ; Pins ; Virtual Pins ; Full Hierarchy Name                                                                                                                ; Entity Name             ; Library Name ;
+-------------------------------------------+---------------------+---------------------------+-------------------+------------+------+--------------+------------------------------------------------------------------------------------------------------------------------------------+-------------------------+--------------+
; |chirp                                    ; 221 (21)            ; 60 (16)                   ; 0                 ; 0          ; 34   ; 0            ; |chirp                                                                                                                             ; chirp                   ; work         ;
;    |phase_accumulator_16bit:inst_2|       ; 17 (17)             ; 16 (16)                   ; 0                 ; 0          ; 0    ; 0            ; |chirp|phase_accumulator_16bit:inst_2                                                                                              ; phase_accumulator_16bit ; work         ;
;    |sine_wave_lut_8bit:inst_3|            ; 33 (33)             ; 0 (0)                     ; 0                 ; 0          ; 0    ; 0            ; |chirp|sine_wave_lut_8bit:inst_3                                                                                                   ; sine_wave_lut_8bit      ; work         ;
;    |time_base_generation:inst_0|          ; 53 (12)             ; 10 (10)                   ; 0                 ; 0          ; 0    ; 0            ; |chirp|time_base_generation:inst_0                                                                                                 ; time_base_generation    ; work         ;
;       |lpm_divide:Mod0|                   ; 41 (0)              ; 0 (0)                     ; 0                 ; 0          ; 0    ; 0            ; |chirp|time_base_generation:inst_0|lpm_divide:Mod0                                                                                 ; lpm_divide              ; work         ;
;          |lpm_divide_v4m:auto_generated|  ; 41 (0)              ; 0 (0)                     ; 0                 ; 0          ; 0    ; 0            ; |chirp|time_base_generation:inst_0|lpm_divide:Mod0|lpm_divide_v4m:auto_generated                                                   ; lpm_divide_v4m          ; work         ;
;             |sign_div_unsign_2nh:divider| ; 41 (0)              ; 0 (0)                     ; 0                 ; 0          ; 0    ; 0            ; |chirp|time_base_generation:inst_0|lpm_divide:Mod0|lpm_divide_v4m:auto_generated|sign_div_unsign_2nh:divider                       ; sign_div_unsign_2nh     ; work         ;
;                |alt_u_div_a2f:divider|    ; 41 (41)             ; 0 (0)                     ; 0                 ; 0          ; 0    ; 0            ; |chirp|time_base_generation:inst_0|lpm_divide:Mod0|lpm_divide_v4m:auto_generated|sign_div_unsign_2nh:divider|alt_u_div_a2f:divider ; alt_u_div_a2f           ; work         ;
;    |time_base_generation:inst_1|          ; 97 (21)             ; 18 (18)                   ; 0                 ; 0          ; 0    ; 0            ; |chirp|time_base_generation:inst_1                                                                                                 ; time_base_generation    ; work         ;
;       |lpm_divide:Mod0|                   ; 76 (0)              ; 0 (0)                     ; 0                 ; 0          ; 0    ; 0            ; |chirp|time_base_generation:inst_1|lpm_divide:Mod0                                                                                 ; lpm_divide              ; work         ;
;          |lpm_divide_f5m:auto_generated|  ; 76 (0)              ; 0 (0)                     ; 0                 ; 0          ; 0    ; 0            ; |chirp|time_base_generation:inst_1|lpm_divide:Mod0|lpm_divide_f5m:auto_generated                                                   ; lpm_divide_f5m          ; work         ;
;             |sign_div_unsign_inh:divider| ; 76 (0)              ; 0 (0)                     ; 0                 ; 0          ; 0    ; 0            ; |chirp|time_base_generation:inst_1|lpm_divide:Mod0|lpm_divide_f5m:auto_generated|sign_div_unsign_inh:divider                       ; sign_div_unsign_inh     ; work         ;
;                |alt_u_div_a3f:divider|    ; 76 (76)             ; 0 (0)                     ; 0                 ; 0          ; 0    ; 0            ; |chirp|time_base_generation:inst_1|lpm_divide:Mod0|lpm_divide_f5m:auto_generated|sign_div_unsign_inh:divider|alt_u_div_a3f:divider ; alt_u_div_a3f           ; work         ;
+-------------------------------------------+---------------------+---------------------------+-------------------+------------+------+--------------+------------------------------------------------------------------------------------------------------------------------------------+-------------------------+--------------+
Note: For table entries with two numbers listed, the numbers in parentheses indicate the number of resources of the given type used by the specific entity alone. The numbers listed outside of parentheses indicate the total resources of the given type used by the specific entity and all of its sub-entities in the hierarchy.


+------------------------------------------------------+
; General Register Statistics                          ;
+----------------------------------------------+-------+
; Statistic                                    ; Value ;
+----------------------------------------------+-------+
; Total registers                              ; 60    ;
; Number of registers using Synchronous Clear  ; 56    ;
; Number of registers using Synchronous Load   ; 0     ;
; Number of registers using Asynchronous Clear ; 0     ;
; Number of registers using Asynchronous Load  ; 0     ;
; Number of registers using Clock Enable       ; 32    ;
; Number of registers using Preset             ; 0     ;
+----------------------------------------------+-------+


+----------------------------------------------------------------------------------------------------------------------------------------------------------+
; Multiplexer Restructuring Statistics (Restructuring Performed)                                                                                           ;
+--------------------+-----------+---------------+----------------------+------------------------+------------+--------------------------------------------+
; Multiplexer Inputs ; Bus Width ; Baseline Area ; Area if Restructured ; Saving if Restructured ; Registered ; Example Multiplexer Output                 ;
+--------------------+-----------+---------------+----------------------+------------------------+------------+--------------------------------------------+
; 3:1                ; 12 bits   ; 24 LEs        ; 0 LEs                ; 24 LEs                 ; Yes        ; |chirp|ftwChirp[0]                         ;
; 3:1                ; 4 bits    ; 8 LEs         ; 4 LEs                ; 4 LEs                  ; Yes        ; |chirp|ftwChirp[2]                         ;
; 3:1                ; 16 bits   ; 32 LEs        ; 0 LEs                ; 32 LEs                 ; Yes        ; |chirp|phase_accumulator_16bit:inst_2|q[8] ;
+--------------------+-----------+---------------+----------------------+------------------------+------------+--------------------------------------------+


+--------------------------------------------------------------------------+
; Parameter Settings for User Entity Instance: time_base_generation:inst_0 ;
+----------------+-------+-------------------------------------------------+
; Parameter Name ; Value ; Type                                            ;
+----------------+-------+-------------------------------------------------+
; L              ; 521   ; Signed Integer                                  ;
+----------------+-------+-------------------------------------------------+
Note: In order to hide this table in the UI and the text report file, please set the "Show Parameter Settings in Synthesis Report" option in "Analysis and Synthesis Settings -> More Settings" to "Off".


+--------------------------------------------------------------------------+
; Parameter Settings for User Entity Instance: time_base_generation:inst_1 ;
+----------------+--------+------------------------------------------------+
; Parameter Name ; Value  ; Type                                           ;
+----------------+--------+------------------------------------------------+
; L              ; 250000 ; Signed Integer                                 ;
+----------------+--------+------------------------------------------------+
Note: In order to hide this table in the UI and the text report file, please set the "Show Parameter Settings in Synthesis Report" option in "Analysis and Synthesis Settings -> More Settings" to "Off".


+----------------------------------------------------------------------------------------------+
; Parameter Settings for Inferred Entity Instance: time_base_generation:inst_1|lpm_divide:Mod0 ;
+------------------------+----------------+----------------------------------------------------+
; Parameter Name         ; Value          ; Type                                               ;
+------------------------+----------------+----------------------------------------------------+
; LPM_WIDTHN             ; 19             ; Untyped                                            ;
; LPM_WIDTHD             ; 18             ; Untyped                                            ;
; LPM_NREPRESENTATION    ; UNSIGNED       ; Untyped                                            ;
; LPM_DREPRESENTATION    ; UNSIGNED       ; Untyped                                            ;
; LPM_PIPELINE           ; 0              ; Untyped                                            ;
; LPM_REMAINDERPOSITIVE  ; TRUE           ; Untyped                                            ;
; MAXIMIZE_SPEED         ; 5              ; Untyped                                            ;
; CBXI_PARAMETER         ; lpm_divide_f5m ; Untyped                                            ;
; CARRY_CHAIN            ; MANUAL         ; Untyped                                            ;
; OPTIMIZE_FOR_SPEED     ; 5              ; Untyped                                            ;
; AUTO_CARRY_CHAINS      ; ON             ; AUTO_CARRY                                         ;
; IGNORE_CARRY_BUFFERS   ; OFF            ; IGNORE_CARRY                                       ;
; AUTO_CASCADE_CHAINS    ; ON             ; AUTO_CASCADE                                       ;
; IGNORE_CASCADE_BUFFERS ; OFF            ; IGNORE_CASCADE                                     ;
+------------------------+----------------+----------------------------------------------------+
Note: In order to hide this table in the UI and the text report file, please set the "Show Parameter Settings in Synthesis Report" option in "Analysis and Synthesis Settings -> More Settings" to "Off".


+----------------------------------------------------------------------------------------------+
; Parameter Settings for Inferred Entity Instance: time_base_generation:inst_0|lpm_divide:Mod0 ;
+------------------------+----------------+----------------------------------------------------+
; Parameter Name         ; Value          ; Type                                               ;
+------------------------+----------------+----------------------------------------------------+
; LPM_WIDTHN             ; 11             ; Untyped                                            ;
; LPM_WIDTHD             ; 10             ; Untyped                                            ;
; LPM_NREPRESENTATION    ; UNSIGNED       ; Untyped                                            ;
; LPM_DREPRESENTATION    ; UNSIGNED       ; Untyped                                            ;
; LPM_PIPELINE           ; 0              ; Untyped                                            ;
; LPM_REMAINDERPOSITIVE  ; TRUE           ; Untyped                                            ;
; MAXIMIZE_SPEED         ; 5              ; Untyped                                            ;
; CBXI_PARAMETER         ; lpm_divide_v4m ; Untyped                                            ;
; CARRY_CHAIN            ; MANUAL         ; Untyped                                            ;
; OPTIMIZE_FOR_SPEED     ; 5              ; Untyped                                            ;
; AUTO_CARRY_CHAINS      ; ON             ; AUTO_CARRY                                         ;
; IGNORE_CARRY_BUFFERS   ; OFF            ; IGNORE_CARRY                                       ;
; AUTO_CASCADE_CHAINS    ; ON             ; AUTO_CASCADE                                       ;
; IGNORE_CASCADE_BUFFERS ; OFF            ; IGNORE_CASCADE                                     ;
+------------------------+----------------+----------------------------------------------------+
Note: In order to hide this table in the UI and the text report file, please set the "Show Parameter Settings in Synthesis Report" option in "Analysis and Synthesis Settings -> More Settings" to "Off".


+-------------------------------------------------------------------------------------------------------------------+
; Port Connectivity Checks: "phase_accumulator_16bit:inst_2"                                                        ;
+---------+--------+----------+-------------------------------------------------------------------------------------+
; Port    ; Type   ; Severity ; Details                                                                             ;
+---------+--------+----------+-------------------------------------------------------------------------------------+
; q[7..0] ; Output ; Info     ; Connected to dangling logic. Logic that only feeds a dangling port will be removed. ;
+---------+--------+----------+-------------------------------------------------------------------------------------+


+-----------------------------------------------------+
; Post-Synthesis Netlist Statistics for Top Partition ;
+-----------------------+-----------------------------+
; Type                  ; Count                       ;
+-----------------------+-----------------------------+
; arriav_ff             ; 60                          ;
;     ENA               ; 4                           ;
;     ENA SCLR          ; 28                          ;
;     SCLR              ; 28                          ;
; arriav_lcell_comb     ; 221                         ;
;     arith             ; 104                         ;
;         0 data inputs ; 6                           ;
;         1 data inputs ; 52                          ;
;         2 data inputs ; 31                          ;
;         3 data inputs ; 15                          ;
;     normal            ; 98                          ;
;         2 data inputs ; 30                          ;
;         3 data inputs ; 4                           ;
;         4 data inputs ; 17                          ;
;         5 data inputs ; 19                          ;
;         6 data inputs ; 28                          ;
;     shared            ; 19                          ;
;         0 data inputs ; 1                           ;
;         1 data inputs ; 18                          ;
; boundary_port         ; 34                          ;
;                       ;                             ;
; Max LUT depth         ; 8.50                        ;
; Average LUT depth     ; 5.64                        ;
+-----------------------+-----------------------------+


+-------------------------------+
; Elapsed Time Per Partition    ;
+----------------+--------------+
; Partition Name ; Elapsed Time ;
+----------------+--------------+
; Top            ; 00:00:00     ;
+----------------+--------------+


+-------------------------------+
; Analysis & Synthesis Messages ;
+-------------------------------+
Info: *******************************************************************
Info: Running Quartus Prime Analysis & Synthesis
    Info: Version 18.1.0 Build 625 09/12/2018 SJ Lite Edition
    Info: Processing started: Sun Jul 24 11:31:43 2022
Info: Command: quartus_map --read_settings_files=on --write_settings_files=off DDFS -c DDFS
Warning (18236): Number of processors has not been specified which may cause overloading on shared machines.  Set the global assignment NUM_PARALLEL_PROCESSORS in your QSF to an appropriate value for best performance.
Info (20030): Parallel compilation is enabled and will use 4 of the 4 processors detected
Info (12021): Found 1 design units, including 1 entities, in source file chirp_tb.sv
    Info (12023): Found entity 1: chirp_tb File: C:/Jason/EIT/Semester_02/02_ESPS/Lab/Simulation/chirp_tb.sv Line: 6
Info (12021): Found 1 design units, including 1 entities, in source file chirp.sv
    Info (12023): Found entity 1: chirp File: C:/Jason/EIT/Semester_02/02_ESPS/Lab/Simulation/chirp.sv Line: 1
Info (12021): Found 1 design units, including 1 entities, in source file sine_wave_lut_8bit.sv
    Info (12023): Found entity 1: sine_wave_lut_8bit File: C:/Jason/EIT/Semester_02/02_ESPS/Lab/Simulation/sine_wave_lut_8bit.sv Line: 1
Info (12021): Found 1 design units, including 1 entities, in source file phase_accumulator_8bit.sv
    Info (12023): Found entity 1: phase_accumulator_8bit File: C:/Jason/EIT/Semester_02/02_ESPS/Lab/Simulation/phase_accumulator_8bit.sv Line: 1
Info (12021): Found 1 design units, including 1 entities, in source file time_base_generation.sv
    Info (12023): Found entity 1: time_base_generation File: C:/Jason/EIT/Semester_02/02_ESPS/Lab/Simulation/time_base_generation.sv Line: 1
Info (12021): Found 1 design units, including 1 entities, in source file ddfs_tb.sv
    Info (12023): Found entity 1: ddfs_tb File: C:/Jason/EIT/Semester_02/02_ESPS/Lab/Simulation/ddfs_tb.sv Line: 6
Info (12021): Found 1 design units, including 1 entities, in source file ddfs.sv
    Info (12023): Found entity 1: ddfs File: C:/Jason/EIT/Semester_02/02_ESPS/Lab/Simulation/ddfs.sv Line: 1
Info (12021): Found 1 design units, including 1 entities, in source file phase_accumulator_16bit.sv
    Info (12023): Found entity 1: phase_accumulator_16bit File: C:/Jason/EIT/Semester_02/02_ESPS/Lab/Simulation/phase_accumulator_16bit.sv Line: 1
Info (12127): Elaborating entity "chirp" for the top level hierarchy
Info (12128): Elaborating entity "time_base_generation" for hierarchy "time_base_generation:inst_0" File: C:/Jason/EIT/Semester_02/02_ESPS/Lab/Simulation/chirp.sv Line: 20
Warning (10230): Verilog HDL assignment warning at time_base_generation.sv(18): truncated value with size 32 to match size of target (10) File: C:/Jason/EIT/Semester_02/02_ESPS/Lab/Simulation/time_base_generation.sv Line: 18
Info (12128): Elaborating entity "time_base_generation" for hierarchy "time_base_generation:inst_1" File: C:/Jason/EIT/Semester_02/02_ESPS/Lab/Simulation/chirp.sv Line: 44
Warning (10230): Verilog HDL assignment warning at time_base_generation.sv(18): truncated value with size 32 to match size of target (18) File: C:/Jason/EIT/Semester_02/02_ESPS/Lab/Simulation/time_base_generation.sv Line: 18
Info (12128): Elaborating entity "phase_accumulator_16bit" for hierarchy "phase_accumulator_16bit:inst_2" File: C:/Jason/EIT/Semester_02/02_ESPS/Lab/Simulation/chirp.sv Line: 64
Info (12128): Elaborating entity "sine_wave_lut_8bit" for hierarchy "sine_wave_lut_8bit:inst_3" File: C:/Jason/EIT/Semester_02/02_ESPS/Lab/Simulation/chirp.sv Line: 71
Info (278001): Inferred 2 megafunctions from design logic
    Info (278004): Inferred divider/modulo megafunction ("lpm_divide") from the following logic: "time_base_generation:inst_1|Mod0" File: C:/Jason/EIT/Semester_02/02_ESPS/Lab/Simulation/time_base_generation.sv Line: 18
    Info (278004): Inferred divider/modulo megafunction ("lpm_divide") from the following logic: "time_base_generation:inst_0|Mod0" File: C:/Jason/EIT/Semester_02/02_ESPS/Lab/Simulation/time_base_generation.sv Line: 18
Info (12130): Elaborated megafunction instantiation "time_base_generation:inst_1|lpm_divide:Mod0" File: C:/Jason/EIT/Semester_02/02_ESPS/Lab/Simulation/time_base_generation.sv Line: 18
Info (12133): Instantiated megafunction "time_base_generation:inst_1|lpm_divide:Mod0" with the following parameter: File: C:/Jason/EIT/Semester_02/02_ESPS/Lab/Simulation/time_base_generation.sv Line: 18
    Info (12134): Parameter "LPM_WIDTHN" = "19"
    Info (12134): Parameter "LPM_WIDTHD" = "18"
    Info (12134): Parameter "LPM_NREPRESENTATION" = "UNSIGNED"
    Info (12134): Parameter "LPM_DREPRESENTATION" = "UNSIGNED"
Info (12021): Found 1 design units, including 1 entities, in source file db/lpm_divide_f5m.tdf
    Info (12023): Found entity 1: lpm_divide_f5m File: C:/Jason/EIT/Semester_02/02_ESPS/Lab/Simulation/db/lpm_divide_f5m.tdf Line: 24
Info (12021): Found 1 design units, including 1 entities, in source file db/sign_div_unsign_inh.tdf
    Info (12023): Found entity 1: sign_div_unsign_inh File: C:/Jason/EIT/Semester_02/02_ESPS/Lab/Simulation/db/sign_div_unsign_inh.tdf Line: 24
Info (12021): Found 1 design units, including 1 entities, in source file db/alt_u_div_a3f.tdf
    Info (12023): Found entity 1: alt_u_div_a3f File: C:/Jason/EIT/Semester_02/02_ESPS/Lab/Simulation/db/alt_u_div_a3f.tdf Line: 22
Info (12130): Elaborated megafunction instantiation "time_base_generation:inst_0|lpm_divide:Mod0" File: C:/Jason/EIT/Semester_02/02_ESPS/Lab/Simulation/time_base_generation.sv Line: 18
Info (12133): Instantiated megafunction "time_base_generation:inst_0|lpm_divide:Mod0" with the following parameter: File: C:/Jason/EIT/Semester_02/02_ESPS/Lab/Simulation/time_base_generation.sv Line: 18
    Info (12134): Parameter "LPM_WIDTHN" = "11"
    Info (12134): Parameter "LPM_WIDTHD" = "10"
    Info (12134): Parameter "LPM_NREPRESENTATION" = "UNSIGNED"
    Info (12134): Parameter "LPM_DREPRESENTATION" = "UNSIGNED"
Info (12021): Found 1 design units, including 1 entities, in source file db/lpm_divide_v4m.tdf
    Info (12023): Found entity 1: lpm_divide_v4m File: C:/Jason/EIT/Semester_02/02_ESPS/Lab/Simulation/db/lpm_divide_v4m.tdf Line: 24
Info (12021): Found 1 design units, including 1 entities, in source file db/sign_div_unsign_2nh.tdf
    Info (12023): Found entity 1: sign_div_unsign_2nh File: C:/Jason/EIT/Semester_02/02_ESPS/Lab/Simulation/db/sign_div_unsign_2nh.tdf Line: 24
Info (12021): Found 1 design units, including 1 entities, in source file db/alt_u_div_a2f.tdf
    Info (12023): Found entity 1: alt_u_div_a2f File: C:/Jason/EIT/Semester_02/02_ESPS/Lab/Simulation/db/alt_u_div_a2f.tdf Line: 22
Info (286030): Timing-Driven Synthesis is running
Info (16010): Generating hard_block partition "hard_block:auto_generated_inst"
    Info (16011): Adding 0 node(s), including 0 DDIO, 0 PLL, 0 transceiver and 0 LCELL
Info (21057): Implemented 255 device resources after synthesis - the final resource count might be different
    Info (21058): Implemented 2 input pins
    Info (21059): Implemented 32 output pins
    Info (21061): Implemented 221 logic cells
Info: Quartus Prime Analysis & Synthesis was successful. 0 errors, 3 warnings
    Info: Peak virtual memory: 4839 megabytes
    Info: Processing ended: Sun Jul 24 11:31:53 2022
    Info: Elapsed time: 00:00:10
    Info: Total CPU time (on all processors): 00:00:20


